2026-04-13 11:29:43 INFO  com.coforge.OnlineJobPortalApplication - Starting OnlineJobPortalApplication using Java 17.0.2 with PID 21048 (C:\Users\Narendra.Tomar\OneDrive - Coforge Limited\Desktop\projectfile\Final-updated-job-portel\OnlineJobPortal\target\classes started by Narendra.Tomar in C:\Users\Narendra.Tomar\OneDrive - Coforge Limited\Desktop\projectfile\Final-updated-job-portel\OnlineJobPortal)
2026-04-13 11:29:43 INFO  com.coforge.OnlineJobPortalApplication - No active profile set, falling back to 1 default profile: "default"
2026-04-13 11:29:51 INFO  com.coforge.OnlineJobPortalApplication - Started OnlineJobPortalApplication in 8.888 seconds (process running for 10.242)
2026-04-13 11:30:03 INFO  com.coforge.filters.LoggingFilter - Request /api/jobs/recruiter/1 GET 
2026-04-13 11:30:04 INFO  com.coforge.filters.LoggingFilter - Request /api/jobs/recruiter/1 GET 
2026-04-13 11:30:04 INFO  com.coforge.filters.LoggingFilter - Request /jobapplication GET 
2026-04-13 11:30:04 INFO  com.coforge.filters.LoggingFilter - Request /jobapplication GET 
2026-04-13 11:32:09 INFO  com.coforge.filters.LoggingFilter - Request /api/jobs/recruiter/1 POST 
2026-04-13 11:32:10 INFO  com.coforge.filters.LoggingFilter - Request /api/jobs/recruiter/1 GET 
2026-04-13 11:32:10 INFO  com.coforge.filters.LoggingFilter - Request /api/recruiters/1/job/*/applications GET 
2026-04-13 11:32:10 INFO  com.coforge.filters.LoggingFilter - Request /jobapplication GET 
2026-04-13 11:37:03 INFO  com.coforge.filters.LoggingFilter - Request /api/recruiters/1/job/*/applications GET 
2026-04-13 11:37:03 INFO  com.coforge.filters.LoggingFilter - Request /api/jobs/recruiter/1 GET 
2026-04-13 11:37:03 INFO  com.coforge.filters.LoggingFilter - Request /api/skills GET 
2026-04-13 11:37:03 INFO  com.coforge.filters.LoggingFilter - Request /api/recruiters/1/job/*/applications GET 
2026-04-13 11:37:03 INFO  com.coforge.filters.LoggingFilter - Request /api/jobs/recruiter/1 GET 
2026-04-13 11:37:03 INFO  com.coforge.filters.LoggingFilter - Request /jobapplication GET 
2026-04-13 11:37:03 INFO  com.coforge.filters.LoggingFilter - Request /api/skills GET 
2026-04-13 11:37:04 INFO  com.coforge.filters.LoggingFilter - Request /jobapplication GET 
2026-04-13 11:38:53 INFO  com.coforge.filters.LoggingFilter - Request /api/jobs/recruiter/1 POST 
2026-04-13 11:38:53 INFO  com.coforge.filters.LoggingFilter - Request /api/jobs/recruiter/1 GET 
2026-04-13 11:38:54 INFO  com.coforge.filters.LoggingFilter - Request /api/recruiters/1/job/*/applications GET 
2026-04-13 11:38:54 INFO  com.coforge.filters.LoggingFilter - Request /jobapplication GET 
2026-04-13 11:44:13 INFO  com.coforge.filters.LoggingFilter - Request /api/jobs/recruiter/1 POST 
2026-04-13 11:44:42 INFO  com.coforge.filters.LoggingFilter - Request /api/jobs/recruiter/1 POST 
2026-04-13 11:45:28 INFO  com.coforge.filters.LoggingFilter - Request /api/jobs/recruiter/1 POST 
2026-04-13 11:46:07 INFO  com.coforge.filters.LoggingFilter - Request /api/jobs/recruiter/1 POST 
2026-04-13 11:46:29 INFO  com.coforge.filters.LoggingFilter - Request /api/jobs/recruiter/1 POST 
2026-04-13 11:46:42 INFO  com.coforge.filters.LoggingFilter - Request /api/jobs/recruiter/1 POST 
2026-04-13 11:46:56 INFO  com.coforge.filters.LoggingFilter - Request /api/jobs/recruiter/1 GET 
2026-04-13 11:46:56 INFO  com.coforge.filters.LoggingFilter - Request /api/recruiters/1/job/*/applications GET 
2026-04-13 11:46:56 INFO  com.coforge.filters.LoggingFilter - Request /api/skills GET 
2026-04-13 11:46:57 INFO  com.coforge.filters.LoggingFilter - Request /jobapplication GET 
2026-04-13 11:46:57 INFO  com.coforge.filters.LoggingFilter - Request /api/recruiters/1/job/*/applications GET 
2026-04-13 11:46:57 INFO  com.coforge.filters.LoggingFilter - Request /api/skills GET 
2026-04-13 11:46:57 INFO  com.coforge.filters.LoggingFilter - Request /api/jobs/recruiter/1 GET 
2026-04-13 11:46:57 INFO  com.coforge.filters.LoggingFilter - Request /jobapplication GET 
2026-04-13 11:47:49 INFO  com.coforge.filters.LoggingFilter - Request /api/jobs/recruiter/1 POST 
2026-04-13 11:55:08 INFO  com.coforge.filters.LoggingFilter - Request /api/skills GET 
2026-04-13 11:55:08 INFO  com.coforge.filters.LoggingFilter - Request /api/recruiters GET 
2026-04-13 11:55:09 INFO  com.coforge.filters.LoggingFilter - Request /api/jobs/recruiter/10 GET 
2026-04-13 11:55:09 INFO  com.coforge.filters.LoggingFilter - Request /jobapplication GET 
2026-04-13 11:55:38 INFO  com.coforge.filters.LoggingFilter - Request /api/skills OPTIONS 
2026-04-13 11:55:38 INFO  com.coforge.filters.LoggingFilter - Request /api/skills OPTIONS 
2026-04-13 11:55:38 INFO  com.coforge.filters.LoggingFilter - Request /api/skills POST 
2026-04-13 11:55:38 INFO  com.coforge.filters.LoggingFilter - Request /api/skills POST 
2026-04-13 11:55:38 INFO  com.coforge.filters.LoggingFilter - Request /api/jobs OPTIONS 
2026-04-13 11:55:38 INFO  com.coforge.filters.LoggingFilter - Request /api/jobs POST 
2026-04-13 11:55:38 INFO  com.coforge.filters.LoggingFilter - Request /api/jobs/recruiter/10 GET 
2026-04-13 11:55:38 INFO  com.coforge.filters.LoggingFilter - Request /jobapplication GET 
2026-04-13 11:58:08 INFO  com.coforge.filters.LoggingFilter - Request /api/jobs POST 
2026-04-13 11:58:08 INFO  com.coforge.filters.LoggingFilter - Request /api/recruiters/1/job/*/applications GET 
2026-04-13 11:58:08 INFO  com.coforge.filters.LoggingFilter - Request /api/jobs/recruiter/1 GET 
2026-04-13 11:58:08 INFO  com.coforge.filters.LoggingFilter - Request /jobapplication GET 
2026-04-13 12:00:25 INFO  com.coforge.filters.LoggingFilter - Request /api/bookmark/freelancer POST 
2026-04-13 12:01:18 INFO  com.coforge.filters.LoggingFilter - Request /api/jobs/recruiter/1 GET 
2026-04-13 12:01:19 INFO  com.coforge.filters.LoggingFilter - Request /api/jobs/recruiter/1 GET 
2026-04-13 12:01:19 INFO  com.coforge.filters.LoggingFilter - Request /jobapplication GET 
2026-04-13 12:01:19 INFO  com.coforge.filters.LoggingFilter - Request /jobapplication GET 
2026-04-13 12:02:07 INFO  com.coforge.filters.LoggingFilter - Request /api/skills GET 
2026-04-13 12:02:07 INFO  com.coforge.filters.LoggingFilter - Request /api/recruiters GET 
2026-04-13 12:02:07 INFO  com.coforge.filters.LoggingFilter - Request /api/jobs/recruiter/10 GET 
2026-04-13 12:02:07 INFO  com.coforge.filters.LoggingFilter - Request /jobapplication GET 
2026-04-13 12:02:52 INFO  com.coforge.filters.LoggingFilter - Request /api/jobs/recruiter/1 GET 
2026-04-13 12:02:52 INFO  com.coforge.filters.LoggingFilter - Request /api/recruiters/1/job/*/applications GET 
2026-04-13 12:02:53 INFO  com.coforge.filters.LoggingFilter - Request /api/skills GET 
2026-04-13 12:02:53 INFO  com.coforge.filters.LoggingFilter - Request /api/recruiters/1/job/*/applications GET 
2026-04-13 12:02:53 INFO  com.coforge.filters.LoggingFilter - Request /api/jobs/recruiter/1 GET 
2026-04-13 12:02:53 INFO  com.coforge.filters.LoggingFilter - Request /jobapplication GET 
2026-04-13 12:02:53 INFO  com.coforge.filters.LoggingFilter - Request /api/skills GET 
2026-04-13 12:02:53 INFO  com.coforge.filters.LoggingFilter - Request /jobapplication GET 
2026-04-13 12:03:32 INFO  com.coforge.filters.LoggingFilter - Request /api/jobs/8 PUT 
2026-04-13 12:03:33 INFO  com.coforge.filters.LoggingFilter - Request /api/jobs/recruiter/1 GET 
2026-04-13 12:03:33 INFO  com.coforge.filters.LoggingFilter - Request /api/recruiters/1/job/*/applications GET 
2026-04-13 12:03:33 INFO  com.coforge.filters.LoggingFilter - Request /jobapplication GET 
2026-04-13 12:04:53 INFO  com.coforge.filters.LoggingFilter - Request /api/admins/login POST 
2026-04-13 12:04:54 INFO  com.coforge.filters.LoggingFilter - Request /api/admin/login POST 
2026-04-13 12:04:54 INFO  com.coforge.filters.LoggingFilter - Request /authentication/admin/login POST 
2026-04-13 12:04:54 INFO  com.coforge.filters.LoggingFilter - Request /authentication/login POST 
2026-04-13 12:04:54 INFO  com.coforge.filters.LoggingFilter - Request /api/freelancers GET 
2026-04-13 12:04:54 INFO  com.coforge.filters.LoggingFilter - Request /api/recruiters GET 
2026-04-13 12:04:54 INFO  com.coforge.filters.LoggingFilter - Request /admin/freelancers/unverified GET 
2026-04-13 12:04:54 INFO  com.coforge.filters.LoggingFilter - Request /api/jobs GET 
2026-04-13 12:04:54 INFO  com.coforge.filters.LoggingFilter - Request /jobapplication GET 
2026-04-13 12:04:54 INFO  com.coforge.filters.LoggingFilter - Request /admin/recruiters/unverified GET 
2026-04-13 12:04:55 INFO  com.coforge.filters.LoggingFilter - Request /api/freelancers GET 
2026-04-13 12:04:55 INFO  com.coforge.filters.LoggingFilter - Request /api/recruiters GET 
2026-04-13 12:04:55 INFO  com.coforge.filters.LoggingFilter - Request /api/jobs GET 
2026-04-13 12:04:55 INFO  com.coforge.filters.LoggingFilter - Request /jobapplication GET 
2026-04-13 12:04:55 INFO  com.coforge.filters.LoggingFilter - Request /admin/recruiters/unverified GET 
2026-04-13 12:04:55 INFO  com.coforge.filters.LoggingFilter - Request /admin/freelancers/unverified GET 
2026-04-13 12:05:41 INFO  com.coforge.filters.LoggingFilter - Request /api/skills GET 
2026-04-13 12:05:41 INFO  com.coforge.filters.LoggingFilter - Request /api/skills GET 
2026-04-13 12:05:44 INFO  com.coforge.filters.LoggingFilter - Request /api/skills/5 DELETE 
2026-04-13 12:05:48 INFO  com.coforge.filters.LoggingFilter - Request /api/skills/6 DELETE 
2026-04-13 12:05:55 INFO  com.coforge.filters.LoggingFilter - Request /api/skills GET 
2026-04-13 12:05:56 INFO  com.coforge.filters.LoggingFilter - Request /api/skills GET 
2026-04-13 12:06:59 INFO  com.coforge.filters.LoggingFilter - Request /api/jobs/recruiter/1 GET 
2026-04-13 12:07:00 INFO  com.coforge.filters.LoggingFilter - Request /api/jobs/recruiter/1 GET 
2026-04-13 12:07:00 INFO  com.coforge.filters.LoggingFilter - Request /jobapplication GET 
2026-04-13 12:07:00 INFO  com.coforge.filters.LoggingFilter - Request /jobapplication GET 
2026-04-13 12:07:06 INFO  com.coforge.filters.LoggingFilter - Request /api/skills GET 
2026-04-13 12:07:06 INFO  com.coforge.filters.LoggingFilter - Request /api/skills GET 
2026-04-13 12:07:47 INFO  com.coforge.filters.LoggingFilter - Request /api/freelancers GET 
2026-04-13 12:07:47 INFO  com.coforge.filters.LoggingFilter - Request /api/recruiters GET 
2026-04-13 12:07:48 INFO  com.coforge.filters.LoggingFilter - Request /admin/freelancers/unverified GET 
2026-04-13 12:07:48 INFO  com.coforge.filters.LoggingFilter - Request /admin/recruiters/unverified GET 
2026-04-13 12:07:48 INFO  com.coforge.filters.LoggingFilter - Request /api/jobs GET 
2026-04-13 12:07:48 INFO  com.coforge.filters.LoggingFilter - Request /jobapplication GET 
2026-04-13 12:07:48 INFO  com.coforge.filters.LoggingFilter - Request /api/recruiters GET 
2026-04-13 12:07:48 INFO  com.coforge.filters.LoggingFilter - Request /api/freelancers GET 
2026-04-13 12:07:48 INFO  com.coforge.filters.LoggingFilter - Request /admin/freelancers/unverified GET 
2026-04-13 12:07:48 INFO  com.coforge.filters.LoggingFilter - Request /admin/recruiters/unverified GET 
2026-04-13 12:07:48 INFO  com.coforge.filters.LoggingFilter - Request /api/jobs GET 
2026-04-13 12:07:48 INFO  com.coforge.filters.LoggingFilter - Request /jobapplication GET 
2026-04-13 12:07:57 INFO  com.coforge.filters.LoggingFilter - Request /authentication/send-code POST 
2026-04-13 12:08:15 INFO  com.coforge.filters.LoggingFilter - Request /authentication/send-code POST 
2026-04-13 12:09:09 INFO  com.coforge.filters.LoggingFilter - Request /authentication/send-code POST 
2026-04-13 12:09:29 INFO  com.coforge.filters.LoggingFilter - Request /authentication/send-code POST 
2026-04-13 12:12:24 INFO  com.coforge.filters.LoggingFilter - Request /authentication/send-code POST 
2026-04-13 12:13:04 INFO  com.coforge.filters.LoggingFilter - Request /authentication/send-code POST 
2026-04-13 12:14:19 INFO  com.coforge.filters.LoggingFilter - Request /authentication/send-code POST 
2026-04-13 12:16:55 INFO  com.coforge.filters.LoggingFilter - Request /authentication/send-code POST 
2026-04-13 12:17:32 INFO  com.coforge.filters.LoggingFilter - Request /api/freelancers GET 
2026-04-13 12:17:32 INFO  com.coforge.filters.LoggingFilter - Request /api/recruiters GET 
2026-04-13 12:17:32 INFO  com.coforge.filters.LoggingFilter - Request /admin/freelancers/unverified GET 
2026-04-13 12:17:32 INFO  com.coforge.filters.LoggingFilter - Request /admin/recruiters/unverified GET 
2026-04-13 12:17:32 INFO  com.coforge.filters.LoggingFilter - Request /api/jobs GET 
2026-04-13 12:17:32 INFO  com.coforge.filters.LoggingFilter - Request /jobapplication GET 
2026-04-13 12:17:32 INFO  com.coforge.filters.LoggingFilter - Request /api/freelancers GET 
2026-04-13 12:17:33 INFO  com.coforge.filters.LoggingFilter - Request /admin/recruiters/unverified GET 
2026-04-13 12:17:33 INFO  com.coforge.filters.LoggingFilter - Request /admin/freelancers/unverified GET 
2026-04-13 12:17:33 INFO  com.coforge.filters.LoggingFilter - Request /api/recruiters GET 
2026-04-13 12:17:33 INFO  com.coforge.filters.LoggingFilter - Request /api/jobs GET 
2026-04-13 12:17:33 INFO  com.coforge.filters.LoggingFilter - Request /jobapplication GET 
2026-04-13 12:18:06 INFO  com.coforge.filters.LoggingFilter - Request /authentication/send-code POST 
2026-04-13 12:19:27 INFO  com.coforge.filters.LoggingFilter - Request /authentication/reset-password POST 
2026-04-13 13:58:56 INFO  com.coforge.filters.LoggingFilter - Request /api/freelancers GET 
2026-04-13 13:58:56 INFO  com.coforge.filters.LoggingFilter - Request /api/recruiters GET 
2026-04-13 13:58:57 INFO  com.coforge.filters.LoggingFilter - Request /admin/freelancers/unverified GET 
2026-04-13 13:58:57 INFO  com.coforge.filters.LoggingFilter - Request /admin/recruiters/unverified GET 
2026-04-13 13:58:57 INFO  com.coforge.filters.LoggingFilter - Request /api/jobs GET 
2026-04-13 13:58:57 INFO  com.coforge.filters.LoggingFilter - Request /jobapplication GET 
2026-04-13 14:00:45 INFO  com.coforge.filters.LoggingFilter - Request /authentication/send-code POST 
2026-04-13 14:01:04 INFO  com.coforge.filters.LoggingFilter - Request /authentication/verify-code POST 
2026-04-13 14:01:06 INFO  com.coforge.filters.LoggingFilter - Request /authentication/signup POST 
2026-04-13 14:01:37 INFO  com.coforge.filters.LoggingFilter - Request /api/freelancers GET 
2026-04-13 14:01:37 INFO  com.coforge.filters.LoggingFilter - Request /api/recruiters GET 
2026-04-13 14:01:37 INFO  com.coforge.filters.LoggingFilter - Request /admin/recruiters/unverified GET 
2026-04-13 14:01:37 INFO  com.coforge.filters.LoggingFilter - Request /admin/freelancers/unverified GET 
2026-04-13 14:01:37 INFO  com.coforge.filters.LoggingFilter - Request /api/jobs GET 
2026-04-13 14:01:37 INFO  com.coforge.filters.LoggingFilter - Request /jobapplication GET 
2026-04-13 14:01:37 INFO  com.coforge.filters.LoggingFilter - Request /api/freelancers GET 
2026-04-13 14:01:38 INFO  com.coforge.filters.LoggingFilter - Request /api/recruiters GET 
2026-04-13 14:01:38 INFO  com.coforge.filters.LoggingFilter - Request /admin/recruiters/unverified GET 
2026-04-13 14:01:38 INFO  com.coforge.filters.LoggingFilter - Request /admin/freelancers/unverified GET 
2026-04-13 14:01:38 INFO  com.coforge.filters.LoggingFilter - Request /api/jobs GET 
2026-04-13 14:01:38 INFO  com.coforge.filters.LoggingFilter - Request /jobapplication GET 
2026-04-13 14:01:43 INFO  com.coforge.filters.LoggingFilter - Request /admin/recruiter/11/verify PUT 
2026-04-13 14:02:16 INFO  com.coforge.filters.LoggingFilter - Request /api/recruiters/login POST 
2026-04-13 14:02:16 INFO  com.coforge.filters.LoggingFilter - Request /api/jobs/recruiter/11 GET 
2026-04-13 14:02:16 INFO  com.coforge.filters.LoggingFilter - Request /api/recruiters/11/job/*/applications GET 
2026-04-13 14:02:16 INFO  com.coforge.filters.LoggingFilter - Request /api/skills GET 
2026-04-13 14:02:16 INFO  com.coforge.filters.LoggingFilter - Request /api/jobs/recruiter/11 GET 
2026-04-13 14:02:17 INFO  com.coforge.filters.LoggingFilter - Request /api/skills GET 
2026-04-13 14:02:17 INFO  com.coforge.filters.LoggingFilter - Request /api/recruiters/11/job/*/applications GET 
2026-04-13 14:02:17 INFO  com.coforge.filters.LoggingFilter - Request /jobapplication GET 
2026-04-13 14:02:17 INFO  com.coforge.filters.LoggingFilter - Request /jobapplication GET 
2026-04-13 14:03:44 INFO  com.coforge.filters.LoggingFilter - Request /jobapplication/6/status PUT ?status=REJECTED
2026-04-13 14:03:44 INFO  com.coforge.filters.LoggingFilter - Request /api/jobs/recruiter/11 GET 
2026-04-13 14:03:44 INFO  com.coforge.filters.LoggingFilter - Request /api/recruiters/11/job/*/applications GET 
2026-04-13 14:03:44 INFO  com.coforge.filters.LoggingFilter - Request /jobapplication GET 
2026-04-13 14:03:46 INFO  com.coforge.filters.LoggingFilter - Request /jobapplication/3/status PUT ?status=REJECTED
2026-04-13 14:03:46 INFO  com.coforge.filters.LoggingFilter - Request /api/jobs/recruiter/11 GET 
2026-04-13 14:03:46 INFO  com.coforge.filters.LoggingFilter - Request /api/recruiters/11/job/*/applications GET 
2026-04-13 14:03:46 INFO  com.coforge.filters.LoggingFilter - Request /jobapplication/3/status PUT ?status=REJECTED
2026-04-13 14:03:46 INFO  com.coforge.filters.LoggingFilter - Request /jobapplication GET 
2026-04-13 14:03:46 INFO  com.coforge.filters.LoggingFilter - Request /api/jobs/recruiter/11 GET 
2026-04-13 14:03:46 INFO  com.coforge.filters.LoggingFilter - Request /api/recruiters/11/job/*/applications GET 
2026-04-13 14:03:46 INFO  com.coforge.filters.LoggingFilter - Request /jobapplication/3/status PUT ?status=REJECTED
2026-04-13 14:03:46 INFO  com.coforge.filters.LoggingFilter - Request /jobapplication GET 
2026-04-13 14:03:47 INFO  com.coforge.filters.LoggingFilter - Request /jobapplication/3/status PUT ?status=REJECTED
2026-04-13 14:03:47 INFO  com.coforge.filters.LoggingFilter - Request /api/jobs/recruiter/11 GET 
2026-04-13 14:03:47 INFO  com.coforge.filters.LoggingFilter - Request /api/recruiters/11/job/*/applications GET 
2026-04-13 14:03:47 INFO  com.coforge.filters.LoggingFilter - Request /jobapplication/3/status PUT ?status=REJECTED
2026-04-13 14:03:47 INFO  com.coforge.filters.LoggingFilter - Request /api/recruiters/11/job/*/applications GET 
2026-04-13 14:03:47 INFO  com.coforge.filters.LoggingFilter - Request /api/jobs/recruiter/11 GET 
2026-04-13 14:03:47 INFO  com.coforge.filters.LoggingFilter - Request /jobapplication GET 
2026-04-13 14:03:47 INFO  com.coforge.filters.LoggingFilter - Request /api/jobs/recruiter/11 GET 
2026-04-13 14:03:47 INFO  com.coforge.filters.LoggingFilter - Request /api/recruiters/11/job/*/applications GET 
2026-04-13 14:03:47 INFO  com.coforge.filters.LoggingFilter - Request /jobapplication GET 
2026-04-13 14:03:48 INFO  com.coforge.filters.LoggingFilter - Request /jobapplication GET 
2026-04-13 14:05:48 INFO  com.coforge.filters.LoggingFilter - Request /api/jobs/recruiter/11 GET 
2026-04-13 14:05:48 INFO  com.coforge.filters.LoggingFilter - Request /api/recruiters/11/job/*/applications GET 
2026-04-13 14:05:48 INFO  com.coforge.filters.LoggingFilter - Request /api/skills GET 
2026-04-13 14:05:48 INFO  com.coforge.filters.LoggingFilter - Request /api/recruiters/11/job/*/applications GET 
2026-04-13 14:05:48 INFO  com.coforge.filters.LoggingFilter - Request /api/jobs/recruiter/11 GET 
2026-04-13 14:05:48 INFO  com.coforge.filters.LoggingFilter - Request /jobapplication GET 
2026-04-13 14:05:48 INFO  com.coforge.filters.LoggingFilter - Request /api/skills GET 
2026-04-13 14:05:48 INFO  com.coforge.filters.LoggingFilter - Request /jobapplication GET 
2026-04-13 14:06:21 INFO  com.coforge.filters.LoggingFilter - Request /api/jobs/recruiter/11 GET 
2026-04-13 14:06:21 INFO  com.coforge.filters.LoggingFilter - Request /api/recruiters/11/job/*/applications GET 
2026-04-13 14:06:22 INFO  com.coforge.filters.LoggingFilter - Request /api/skills GET 
2026-04-13 14:06:22 INFO  com.coforge.filters.LoggingFilter - Request /api/recruiters/11/job/*/applications GET 
2026-04-13 14:06:22 INFO  com.coforge.filters.LoggingFilter - Request /jobapplication GET 
2026-04-13 14:06:22 INFO  com.coforge.filters.LoggingFilter - Request /api/jobs/recruiter/11 GET 
2026-04-13 14:06:22 INFO  com.coforge.filters.LoggingFilter - Request /api/skills GET 
2026-04-13 14:06:22 INFO  com.coforge.filters.LoggingFilter - Request /jobapplication GET 
2026-04-13 14:07:07 INFO  com.coforge.filters.LoggingFilter - Request /api/jobs/recruiter/11 GET 
2026-04-13 14:07:07 INFO  com.coforge.filters.LoggingFilter - Request /api/recruiters/11/job/*/applications GET 
2026-04-13 14:07:08 INFO  com.coforge.filters.LoggingFilter - Request /api/skills GET 
2026-04-13 14:07:08 INFO  com.coforge.filters.LoggingFilter - Request /api/jobs/recruiter/11 GET 
2026-04-13 14:07:08 INFO  com.coforge.filters.LoggingFilter - Request /api/recruiters/11/job/*/applications GET 
2026-04-13 14:07:08 INFO  com.coforge.filters.LoggingFilter - Request /jobapplication GET 
2026-04-13 14:07:08 INFO  com.coforge.filters.LoggingFilter - Request /api/skills GET 
2026-04-13 14:07:08 INFO  com.coforge.filters.LoggingFilter - Request /jobapplication GET 
2026-04-13 14:13:14 INFO  com.coforge.filters.LoggingFilter - Request /api/jobs POST 
2026-04-13 14:13:15 INFO  com.coforge.filters.LoggingFilter - Request /api/jobs/recruiter/11 GET 
2026-04-13 14:13:15 INFO  com.coforge.filters.LoggingFilter - Request /api/recruiters/11/job/*/applications GET 
2026-04-13 14:13:16 INFO  com.coforge.filters.LoggingFilter - Request /jobapplication GET 
2026-04-13 14:15:03 INFO  com.coforge.filters.LoggingFilter - Request /authentication/send-code POST 
2026-04-13 14:15:26 INFO  com.coforge.filters.LoggingFilter - Request /authentication/verify-code POST 
2026-04-13 14:16:09 INFO  com.coforge.filters.LoggingFilter - Request /authentication/signup POST 
2026-04-13 14:18:20 INFO  com.coforge.filters.LoggingFilter - Request /api/admins/login POST 
2026-04-13 14:18:20 INFO  com.coforge.filters.LoggingFilter - Request /api/admin/login POST 
2026-04-13 14:18:21 INFO  com.coforge.filters.LoggingFilter - Request /authentication/admin/login POST 
2026-04-13 14:18:21 INFO  com.coforge.filters.LoggingFilter - Request /authentication/login POST 
2026-04-13 14:18:24 INFO  com.coforge.filters.LoggingFilter - Request /admin/recruiters/unverified GET 
2026-04-13 14:18:24 INFO  com.coforge.filters.LoggingFilter - Request /api/jobs GET 
2026-04-13 14:18:24 INFO  com.coforge.filters.LoggingFilter - Request /api/recruiters GET 
2026-04-13 14:18:24 INFO  com.coforge.filters.LoggingFilter - Request /api/freelancers GET 
2026-04-13 14:18:24 INFO  com.coforge.filters.LoggingFilter - Request /admin/freelancers/unverified GET 
2026-04-13 14:18:24 INFO  com.coforge.filters.LoggingFilter - Request /jobapplication GET 
2026-04-13 14:18:32 INFO  com.coforge.filters.LoggingFilter - Request /admin/recruiters/unverified GET 
2026-04-13 14:18:32 INFO  com.coforge.filters.LoggingFilter - Request /admin/freelancers/unverified GET 
2026-04-13 14:18:32 INFO  com.coforge.filters.LoggingFilter - Request /api/jobs GET 
2026-04-13 14:18:32 INFO  com.coforge.filters.LoggingFilter - Request /api/recruiters GET 
2026-04-13 14:18:32 INFO  com.coforge.filters.LoggingFilter - Request /api/freelancers GET 
2026-04-13 14:18:32 INFO  com.coforge.filters.LoggingFilter - Request /jobapplication GET 
2026-04-13 14:18:43 INFO  com.coforge.filters.LoggingFilter - Request /admin/freelancer/8/verify PUT 
2026-04-13 14:18:43 INFO  com.coforge.filters.LoggingFilter - Request /admin/freelancer/8/verify PUT 
2026-04-13 14:18:43 INFO  com.coforge.filters.LoggingFilter - Request /admin/freelancer/8/verify PUT 
2026-04-13 14:18:43 INFO  com.coforge.filters.LoggingFilter - Request /admin/freelancer/8/verify PUT 
2026-04-13 14:18:43 INFO  com.coforge.filters.LoggingFilter - Request /admin/freelancer/8/verify PUT 
2026-04-13 14:18:43 INFO  com.coforge.filters.LoggingFilter - Request /admin/freelancer/8/verify PUT 
2026-04-13 14:18:44 INFO  com.coforge.filters.LoggingFilter - Request /admin/freelancer/8/verify PUT 
2026-04-13 14:20:13 INFO  com.coforge.filters.LoggingFilter - Request /authentication/login POST 
2026-04-13 14:20:14 INFO  com.coforge.filters.LoggingFilter - Request /api/freelancers GET 
2026-04-13 14:20:14 INFO  com.coforge.filters.LoggingFilter - Request /api/jobs/freelancer/8 GET 
2026-04-13 14:20:21 INFO  com.coforge.filters.LoggingFilter - Request /api/jobs/freelancer/8 GET 
2026-04-13 14:20:34 INFO  com.coforge.filters.LoggingFilter - Request /jobapplication GET 
2026-04-13 14:20:34 INFO  com.coforge.filters.LoggingFilter - Request /jobapplication GET 
2026-04-13 14:20:37 INFO  com.coforge.filters.LoggingFilter - Request /api/jobs/active GET 
2026-04-13 14:20:38 INFO  com.coforge.filters.LoggingFilter - Request /api/jobs/active GET 
2026-04-13 14:21:45 INFO  com.coforge.filters.LoggingFilter - Request /jobapplication/apply POST ?jobId=15&freelancerId=8
2026-04-13 14:21:52 INFO  com.coforge.filters.LoggingFilter - Request /jobapplication GET 
2026-04-13 14:21:52 INFO  com.coforge.filters.LoggingFilter - Request /jobapplication GET 
2026-04-13 14:21:54 INFO  com.coforge.filters.LoggingFilter - Request /api/jobs/active GET 
2026-04-13 14:21:54 INFO  com.coforge.filters.LoggingFilter - Request /api/jobs/active GET 
2026-04-13 14:21:55 INFO  com.coforge.filters.LoggingFilter - Request /jobapplication GET 
2026-04-13 14:21:55 INFO  com.coforge.filters.LoggingFilter - Request /jobapplication GET 
2026-04-13 14:21:57 INFO  com.coforge.filters.LoggingFilter - Request /jobapplication GET 
2026-04-13 14:21:58 INFO  com.coforge.filters.LoggingFilter - Request /jobapplication GET 
2026-04-13 14:22:19 INFO  com.coforge.filters.LoggingFilter - Request /api/jobs/freelancer/8 GET 
2026-04-13 14:22:19 INFO  com.coforge.filters.LoggingFilter - Request /api/jobs/freelancer/8 GET 
2026-04-13 14:22:21 INFO  com.coforge.filters.LoggingFilter - Request /api/jobs/active GET 
2026-04-13 14:22:21 INFO  com.coforge.filters.LoggingFilter - Request /api/jobs/active GET 
2026-04-13 14:22:25 INFO  com.coforge.filters.LoggingFilter - Request /jobapplication GET 
2026-04-13 14:22:26 INFO  com.coforge.filters.LoggingFilter - Request /jobapplication GET 
2026-04-13 14:22:27 INFO  com.coforge.filters.LoggingFilter - Request /api/jobs/active GET 
2026-04-13 14:22:27 INFO  com.coforge.filters.LoggingFilter - Request /api/jobs/active GET 
2026-04-13 14:22:42 INFO  com.coforge.filters.LoggingFilter - Request /api/jobs/active GET 
2026-04-13 14:22:42 INFO  com.coforge.filters.LoggingFilter - Request /api/jobs/active GET 
2026-04-13 14:22:58 INFO  com.coforge.filters.LoggingFilter - Request /jobapplication/apply POST ?jobId=15&freelancerId=8
2026-04-13 14:23:03 INFO  com.coforge.filters.LoggingFilter - Request /jobapplication GET 
2026-04-13 14:23:03 INFO  com.coforge.filters.LoggingFilter - Request /jobapplication GET 
2026-04-13 14:23:04 INFO  com.coforge.filters.LoggingFilter - Request /jobapplication GET 
2026-04-13 14:23:05 INFO  com.coforge.filters.LoggingFilter - Request /jobapplication GET 
2026-04-13 14:23:37 INFO  com.coforge.filters.LoggingFilter - Request /api/jobs/active GET 
2026-04-13 14:23:37 INFO  com.coforge.filters.LoggingFilter - Request /api/jobs/active GET 
2026-04-13 14:23:54 INFO  com.coforge.filters.LoggingFilter - Request /jobapplication/apply POST ?jobId=15&freelancerId=8
2026-04-13 14:24:37 INFO  com.coforge.filters.LoggingFilter - Request /jobapplication/apply POST ?jobId=15&freelancerId=8
2026-04-13 14:24:45 INFO  com.coforge.filters.LoggingFilter - Request /jobapplication GET 
2026-04-13 14:24:46 INFO  com.coforge.filters.LoggingFilter - Request /jobapplication GET 
2026-04-13 14:24:47 INFO  com.coforge.filters.LoggingFilter - Request /jobapplication GET 
2026-04-13 14:24:47 INFO  com.coforge.filters.LoggingFilter - Request /jobapplication GET 
2026-04-13 14:24:48 INFO  com.coforge.filters.LoggingFilter - Request /jobapplication GET 
2026-04-13 14:24:48 INFO  com.coforge.filters.LoggingFilter - Request /jobapplication GET 
2026-04-13 14:24:49 INFO  com.coforge.filters.LoggingFilter - Request /api/jobs/active GET 
2026-04-13 14:24:50 INFO  com.coforge.filters.LoggingFilter - Request /api/jobs/active GET 
2026-04-13 14:24:51 INFO  com.coforge.filters.LoggingFilter - Request /api/jobs/active GET 
2026-04-13 14:24:51 INFO  com.coforge.filters.LoggingFilter - Request /api/jobs/active GET 
2026-04-13 14:28:06 INFO  com.coforge.filters.LoggingFilter - Request /jobapplication GET 
2026-04-13 14:28:07 INFO  com.coforge.filters.LoggingFilter - Request /jobapplication GET 
2026-04-13 14:28:10 INFO  com.coforge.filters.LoggingFilter - Request /api/jobs/active GET 
2026-04-13 14:28:10 INFO  com.coforge.filters.LoggingFilter - Request /api/jobs/active GET 
2026-04-13 14:28:49 INFO  com.coforge.filters.LoggingFilter - Request /api/recruiters/login POST 
2026-04-13 14:28:49 INFO  com.coforge.filters.LoggingFilter - Request /api/jobs/recruiter/11 GET 
2026-04-13 14:28:50 INFO  com.coforge.filters.LoggingFilter - Request /api/recruiters/11/job/*/applications GET 
2026-04-13 14:28:50 INFO  com.coforge.filters.LoggingFilter - Request /api/skills GET 
2026-04-13 14:28:50 INFO  com.coforge.filters.LoggingFilter - Request /api/jobs/recruiter/11 GET 
2026-04-13 14:28:50 INFO  com.coforge.filters.LoggingFilter - Request /api/skills GET 
2026-04-13 14:28:50 INFO  com.coforge.filters.LoggingFilter - Request /api/recruiters/11/job/*/applications GET 
2026-04-13 14:28:50 INFO  com.coforge.filters.LoggingFilter - Request /jobapplication GET 
2026-04-13 14:28:51 INFO  com.coforge.filters.LoggingFilter - Request /jobapplication GET 
2026-04-13 14:28:56 INFO  com.coforge.filters.LoggingFilter - Request /api/jobs/active GET 
2026-04-13 14:28:56 INFO  com.coforge.filters.LoggingFilter - Request /api/jobs/active GET 
2026-04-13 14:29:20 INFO  com.coforge.filters.LoggingFilter - Request /api/jobs/recruiter/11 GET 
2026-04-13 14:29:21 INFO  com.coforge.filters.LoggingFilter - Request /api/jobs/recruiter/11 GET 
2026-04-13 14:29:21 INFO  com.coforge.filters.LoggingFilter - Request /jobapplication GET 
2026-04-13 14:29:22 INFO  com.coforge.filters.LoggingFilter - Request /jobapplication GET 
2026-04-13 14:30:21 INFO  com.coforge.filters.LoggingFilter - Request /jobapplication GET 
2026-04-13 14:30:21 INFO  com.coforge.filters.LoggingFilter - Request /jobapplication GET 
2026-04-13 14:34:04 INFO  com.coforge.filters.LoggingFilter - Request /jobapplication GET 
2026-04-13 14:34:04 INFO  com.coforge.filters.LoggingFilter - Request /api/jobs/recruiter/11 GET 
2026-04-13 14:34:04 INFO  com.coforge.filters.LoggingFilter - Request /jobapplication GET 
2026-04-13 14:34:04 INFO  com.coforge.filters.LoggingFilter - Request /jobapplication GET 
2026-04-13 14:34:30 INFO  com.coforge.filters.LoggingFilter - Request /api/jobs/active GET 
2026-04-13 14:34:30 INFO  com.coforge.filters.LoggingFilter - Request /api/jobs/active GET 
2026-04-13 14:34:53 INFO  com.coforge.filters.LoggingFilter - Request /jobapplication/apply POST ?jobId=15&freelancerId=8
2026-04-13 14:34:58 INFO  com.coforge.filters.LoggingFilter - Request /jobapplication GET 
2026-04-13 14:34:58 INFO  com.coforge.filters.LoggingFilter - Request /jobapplication GET 
2026-04-13 14:36:02 INFO  com.coforge.filters.LoggingFilter - Request /api/jobs/recruiter/11 GET 
2026-04-13 14:36:03 INFO  com.coforge.filters.LoggingFilter - Request /api/jobs/recruiter/11 GET 
2026-04-13 14:36:03 INFO  com.coforge.filters.LoggingFilter - Request /jobapplication GET 
2026-04-13 14:36:04 INFO  com.coforge.filters.LoggingFilter - Request /jobapplication GET 
2026-04-13 14:39:56 INFO  com.coforge.OnlineJobPortalApplication - Starting OnlineJobPortalApplication using Java 17.0.2 with PID 32780 (C:\Users\Narendra.Tomar\OneDrive - Coforge Limited\Desktop\projectfile\Final-updated-job-portel\OnlineJobPortal\target\classes started by Narendra.Tomar in C:\Users\Narendra.Tomar\OneDrive - Coforge Limited\Desktop\projectfile\Final-updated-job-portel\OnlineJobPortal)
2026-04-13 14:39:56 INFO  com.coforge.OnlineJobPortalApplication - No active profile set, falling back to 1 default profile: "default"
2026-04-13 14:40:03 INFO  com.coforge.OnlineJobPortalApplication - Started OnlineJobPortalApplication in 7.517 seconds (process running for 8.594)
2026-04-13 14:40:15 INFO  com.coforge.filters.LoggingFilter - Request /api/jobs/recruiter/11 GET 
2026-04-13 14:40:16 INFO  com.coforge.filters.LoggingFilter - Request /api/jobs/recruiter/11 GET 
2026-04-13 14:40:16 INFO  com.coforge.filters.LoggingFilter - Request /jobapplication GET 
2026-04-13 14:40:17 INFO  com.coforge.filters.LoggingFilter - Request /jobapplication GET 
2026-04-13 14:41:09 INFO  com.coforge.filters.LoggingFilter - Request /api/jobs/recruiter/11 GET 
2026-04-13 14:41:09 INFO  com.coforge.filters.LoggingFilter - Request /api/recruiters/11/job/*/applications GET 
2026-04-13 14:41:09 INFO  com.coforge.filters.LoggingFilter - Request /api/skills GET 
2026-04-13 14:41:09 INFO  com.coforge.filters.LoggingFilter - Request /api/skills GET 
2026-04-13 14:41:09 INFO  com.coforge.filters.LoggingFilter - Request /api/jobs/recruiter/11 GET 
2026-04-13 14:41:09 INFO  com.coforge.filters.LoggingFilter - Request /api/recruiters/11/job/*/applications GET 
2026-04-13 14:41:09 INFO  com.coforge.filters.LoggingFilter - Request /jobapplication GET 
2026-04-13 14:41:09 INFO  com.coforge.filters.LoggingFilter - Request /jobapplication GET 
2026-04-13 14:41:58 INFO  com.coforge.filters.LoggingFilter - Request /api/recruiters/11/job/*/applications GET 
2026-04-13 14:41:58 INFO  com.coforge.filters.LoggingFilter - Request /api/skills GET 
2026-04-13 14:41:58 INFO  com.coforge.filters.LoggingFilter - Request /api/jobs/recruiter/11 GET 
2026-04-13 14:41:58 INFO  com.coforge.filters.LoggingFilter - Request /api/skills GET 
2026-04-13 14:41:58 INFO  com.coforge.filters.LoggingFilter - Request /api/recruiters/11/job/*/applications GET 
2026-04-13 14:41:58 INFO  com.coforge.filters.LoggingFilter - Request /api/jobs/recruiter/11 GET 
2026-04-13 14:41:58 INFO  com.coforge.filters.LoggingFilter - Request /jobapplication GET 
2026-04-13 14:41:58 INFO  com.coforge.filters.LoggingFilter - Request /jobapplication GET 
2026-04-13 14:46:01 INFO  com.coforge.filters.LoggingFilter - Request /api/jobs/recruiter/11 GET 
2026-04-13 14:46:01 INFO  com.coforge.filters.LoggingFilter - Request /api/recruiters/11/job/1/applications GET 
2026-04-13 14:46:01 INFO  com.coforge.filters.LoggingFilter - Request /api/skills GET 
2026-04-13 14:46:01 INFO  com.coforge.filters.LoggingFilter - Request /api/skills GET 
2026-04-13 14:46:01 INFO  com.coforge.filters.LoggingFilter - Request /api/jobs/recruiter/11 GET 
2026-04-13 14:46:02 INFO  com.coforge.filters.LoggingFilter - Request /api/recruiters/11/job/1/applications GET 
2026-04-13 14:50:21 INFO  com.coforge.filters.LoggingFilter - Request /jobapplication GET 
2026-04-13 14:50:21 INFO  com.coforge.filters.LoggingFilter - Request /jobapplication GET 
2026-04-13 14:50:43 INFO  com.coforge.filters.LoggingFilter - Request /api/recruiters/login POST 
2026-04-13 14:50:43 INFO  com.coforge.filters.LoggingFilter - Request /api/jobs/recruiter/11 GET 
2026-04-13 14:50:44 INFO  com.coforge.filters.LoggingFilter - Request /jobapplication GET 
2026-04-13 14:50:44 INFO  com.coforge.filters.LoggingFilter - Request /api/skills GET 
2026-04-13 14:50:44 INFO  com.coforge.filters.LoggingFilter - Request /api/jobs/recruiter/11 GET 
2026-04-13 14:50:44 INFO  com.coforge.filters.LoggingFilter - Request /api/skills GET 
2026-04-13 14:50:44 INFO  com.coforge.filters.LoggingFilter - Request /jobapplication GET 
2026-04-13 14:50:53 INFO  com.coforge.filters.LoggingFilter - Request /api/jobs/recruiter/11 GET 
2026-04-13 14:50:53 INFO  com.coforge.filters.LoggingFilter - Request /api/skills GET 
2026-04-13 14:50:53 INFO  com.coforge.filters.LoggingFilter - Request /jobapplication GET 
2026-04-13 14:50:53 INFO  com.coforge.filters.LoggingFilter - Request /api/skills GET 
2026-04-13 14:50:53 INFO  com.coforge.filters.LoggingFilter - Request /api/jobs/recruiter/11 GET 
2026-04-13 14:50:53 INFO  com.coforge.filters.LoggingFilter - Request /jobapplication GET 
2026-04-13 14:51:53 INFO  com.coforge.filters.LoggingFilter - Request /api/jobs/recruiter/11 GET 
2026-04-13 14:51:53 INFO  com.coforge.filters.LoggingFilter - Request /jobapplication GET 
2026-04-13 14:51:54 INFO  com.coforge.filters.LoggingFilter - Request /api/skills GET 
2026-04-13 14:51:54 INFO  com.coforge.filters.LoggingFilter - Request /api/jobs/recruiter/11 GET 
2026-04-13 14:51:54 INFO  com.coforge.filters.LoggingFilter - Request /api/skills GET 
2026-04-13 14:51:54 INFO  com.coforge.filters.LoggingFilter - Request /jobapplication GET 
2026-04-13 14:52:14 INFO  com.coforge.filters.LoggingFilter - Request /jobapplication GET 
2026-04-13 14:52:14 INFO  com.coforge.filters.LoggingFilter - Request /api/jobs/recruiter/11 GET 
2026-04-13 14:52:14 INFO  com.coforge.filters.LoggingFilter - Request /api/skills GET 
2026-04-13 14:52:14 INFO  com.coforge.filters.LoggingFilter - Request /api/skills GET 
2026-04-13 14:52:14 INFO  com.coforge.filters.LoggingFilter - Request /api/jobs/recruiter/11 GET 
2026-04-13 14:52:14 INFO  com.coforge.filters.LoggingFilter - Request /jobapplication GET 
2026-04-13 14:53:03 INFO  com.coforge.filters.LoggingFilter - Request /api/recruiters/login POST 
2026-04-13 14:53:04 INFO  com.coforge.filters.LoggingFilter - Request /api/jobs/recruiter/10 GET 
2026-04-13 14:53:04 INFO  com.coforge.filters.LoggingFilter - Request /jobapplication GET 
2026-04-13 14:53:04 INFO  com.coforge.filters.LoggingFilter - Request /api/skills GET 
2026-04-13 14:53:04 INFO  com.coforge.filters.LoggingFilter - Request /api/jobs/recruiter/10 GET 
2026-04-13 14:53:04 INFO  com.coforge.filters.LoggingFilter - Request /api/skills GET 
2026-04-13 14:53:04 INFO  com.coforge.filters.LoggingFilter - Request /jobapplication GET 
2026-04-13 14:53:27 INFO  com.coforge.filters.LoggingFilter - Request /api/skills GET 
2026-04-13 14:53:27 INFO  com.coforge.filters.LoggingFilter - Request /api/recruiters GET 
2026-04-13 14:53:28 INFO  com.coforge.filters.LoggingFilter - Request /api/jobs/recruiter/10 GET 
2026-04-13 14:53:28 INFO  com.coforge.filters.LoggingFilter - Request /jobapplication GET 
2026-04-13 14:53:50 INFO  com.coforge.filters.LoggingFilter - Request /api/recruiters GET 
2026-04-13 14:53:50 INFO  com.coforge.filters.LoggingFilter - Request /api/skills GET 
2026-04-13 14:53:50 INFO  com.coforge.filters.LoggingFilter - Request /api/jobs/recruiter/10 GET 
2026-04-13 14:53:50 INFO  com.coforge.filters.LoggingFilter - Request /jobapplication GET 
2026-04-13 14:58:58 INFO  com.coforge.filters.LoggingFilter - Request /api/recruiters GET 
2026-04-13 14:58:58 INFO  com.coforge.filters.LoggingFilter - Request /api/skills GET 
2026-04-13 14:58:58 INFO  com.coforge.filters.LoggingFilter - Request /api/jobs/recruiter/10 GET 
2026-04-13 14:58:59 INFO  com.coforge.filters.LoggingFilter - Request /main.93055a9dceb2b010b221.hot-update.json GET 
2026-04-13 14:59:09 INFO  com.coforge.filters.LoggingFilter - Request /api/jobs/recruiter/11 GET 
2026-04-13 14:59:09 INFO  com.coforge.filters.LoggingFilter - Request /api/jobs/recruiter/11 GET 
2026-04-13 14:59:10 INFO  com.coforge.filters.LoggingFilter - Request /jobapplication GET 
2026-04-13 14:59:11 INFO  com.coforge.filters.LoggingFilter - Request /jobapplication GET 
2026-04-13 14:59:12 INFO  com.coforge.filters.LoggingFilter - Request /jobapplication GET 
2026-04-13 14:59:15 INFO  com.coforge.filters.LoggingFilter - Request /api/jobs/recruiter/11 GET 
2026-04-13 14:59:15 INFO  com.coforge.filters.LoggingFilter - Request /api/skills GET 
2026-04-13 14:59:22 INFO  com.coforge.filters.LoggingFilter - Request /api/skills GET 
2026-04-13 14:59:22 INFO  com.coforge.filters.LoggingFilter - Request /api/jobs/recruiter/11 GET 
2026-04-13 14:59:25 INFO  com.coforge.filters.LoggingFilter - Request /main.00a238e2a74b8125608a.hot-update.json GET 
2026-04-13 14:59:31 INFO  com.coforge.filters.LoggingFilter - Request /jobapplication GET 
2026-04-13 14:59:32 INFO  com.coforge.filters.LoggingFilter - Request /jobapplication GET 
2026-04-13 14:59:33 INFO  com.coforge.filters.LoggingFilter - Request /api/skills GET 
2026-04-13 14:59:33 INFO  com.coforge.filters.LoggingFilter - Request /api/jobs/recruiter/10 GET 
2026-04-13 14:59:33 INFO  com.coforge.filters.LoggingFilter - Request /api/skills GET 
2026-04-13 14:59:33 INFO  com.coforge.filters.LoggingFilter - Request /api/jobs/recruiter/10 GET 
2026-04-13 14:59:34 INFO  com.coforge.filters.LoggingFilter - Request /jobapplication GET 
2026-04-13 14:59:36 INFO  com.coforge.filters.LoggingFilter - Request /jobapplication GET 
2026-04-13 14:59:47 INFO  com.coforge.filters.LoggingFilter - Request /api/jobs/recruiter/10 GET 
2026-04-13 14:59:48 INFO  com.coforge.filters.LoggingFilter - Request /api/jobs/recruiter/10 GET 
2026-04-13 14:59:48 INFO  com.coforge.filters.LoggingFilter - Request /jobapplication GET 
2026-04-13 14:59:49 INFO  com.coforge.filters.LoggingFilter - Request /jobapplication GET 
2026-04-13 14:59:52 INFO  com.coforge.filters.LoggingFilter - Request /api/jobs/recruiter/10 GET 
2026-04-13 14:59:52 INFO  com.coforge.filters.LoggingFilter - Request /api/skills GET 
2026-04-13 14:59:59 INFO  com.coforge.filters.LoggingFilter - Request /api/skills GET 
2026-04-13 14:59:59 INFO  com.coforge.filters.LoggingFilter - Request /api/jobs/recruiter/10 GET 
2026-04-13 14:59:59 INFO  com.coforge.filters.LoggingFilter - Request /jobapplication GET 
2026-04-13 15:00:00 INFO  com.coforge.filters.LoggingFilter - Request /jobapplication GET 
2026-04-13 15:00:01 INFO  com.coforge.filters.LoggingFilter - Request /api/jobs/recruiter/11 GET 
2026-04-13 15:00:01 INFO  com.coforge.filters.LoggingFilter - Request /api/jobs/recruiter/11 GET 
2026-04-13 15:00:01 INFO  com.coforge.filters.LoggingFilter - Request /jobapplication GET 
2026-04-13 15:00:02 INFO  com.coforge.filters.LoggingFilter - Request /jobapplication GET 
2026-04-13 15:00:33 INFO  com.coforge.filters.LoggingFilter - Request /api/recruiters/login POST 
2026-04-13 15:00:34 INFO  com.coforge.filters.LoggingFilter - Request /jobapplication GET 
2026-04-13 15:00:34 INFO  com.coforge.filters.LoggingFilter - Request /api/jobs/recruiter/11 GET 
2026-04-13 15:00:34 INFO  com.coforge.filters.LoggingFilter - Request /api/skills GET 
2026-04-13 15:00:34 INFO  com.coforge.filters.LoggingFilter - Request /api/skills GET 
2026-04-13 15:00:34 INFO  com.coforge.filters.LoggingFilter - Request /api/jobs/recruiter/11 GET 
2026-04-13 15:00:34 INFO  com.coforge.filters.LoggingFilter - Request /jobapplication GET 
2026-04-13 15:06:46 INFO  com.coforge.filters.LoggingFilter - Request /api/skills GET 
2026-04-13 15:06:46 INFO  com.coforge.filters.LoggingFilter - Request /api/skills GET 
2026-04-13 15:06:53 INFO  com.coforge.filters.LoggingFilter - Request /api/skills GET 
2026-04-13 15:06:53 INFO  com.coforge.filters.LoggingFilter - Request /api/skills GET 
2026-04-13 15:08:57 INFO  com.coforge.filters.LoggingFilter - Request /authentication/login POST 
2026-04-13 15:08:58 INFO  com.coforge.filters.LoggingFilter - Request /api/freelancers GET 
2026-04-13 15:08:58 INFO  com.coforge.filters.LoggingFilter - Request /api/jobs/freelancer/8 GET 
2026-04-13 15:08:58 INFO  com.coforge.filters.LoggingFilter - Request /api/jobs/freelancer/8 GET 
2026-04-13 15:09:02 INFO  com.coforge.filters.LoggingFilter - Request /jobapplication GET 
2026-04-13 15:09:03 INFO  com.coforge.filters.LoggingFilter - Request /jobapplication GET 
2026-04-13 15:09:11 INFO  com.coforge.filters.LoggingFilter - Request /main.93055a9dceb2b010b221.hot-update.json GET 
2026-04-13 15:10:36 INFO  com.coforge.filters.LoggingFilter - Request /api/recruiters/login POST 
2026-04-13 15:10:37 INFO  com.coforge.filters.LoggingFilter - Request /api/jobs/recruiter/11 GET 
2026-04-13 15:10:37 INFO  com.coforge.filters.LoggingFilter - Request /jobapplication GET 
2026-04-13 15:10:37 INFO  com.coforge.filters.LoggingFilter - Request /api/skills GET 
2026-04-13 15:10:37 INFO  com.coforge.filters.LoggingFilter - Request /api/jobs/recruiter/11 GET 
2026-04-13 15:10:37 INFO  com.coforge.filters.LoggingFilter - Request /api/skills GET 
2026-04-13 15:10:38 INFO  com.coforge.filters.LoggingFilter - Request /jobapplication GET 
2026-04-13 15:11:45 INFO  com.coforge.filters.LoggingFilter - Request /api/jobs POST 
2026-04-13 15:11:45 INFO  com.coforge.filters.LoggingFilter - Request /api/jobs/recruiter/11 GET 
2026-04-13 15:11:45 INFO  com.coforge.filters.LoggingFilter - Request /jobapplication GET 
2026-04-13 15:11:57 INFO  com.coforge.filters.LoggingFilter - Request /main.93055a9dceb2b010b221.hot-update.json GET 
2026-04-13 15:12:21 INFO  com.coforge.filters.LoggingFilter - Request /authentication/login POST 
2026-04-13 15:12:21 INFO  com.coforge.filters.LoggingFilter - Request /api/freelancers GET 
2026-04-13 15:12:21 INFO  com.coforge.filters.LoggingFilter - Request /api/jobs/freelancer/6 GET 
2026-04-13 15:12:22 INFO  com.coforge.filters.LoggingFilter - Request /api/jobs/freelancer/6 GET 
2026-04-13 15:12:23 INFO  com.coforge.filters.LoggingFilter - Request /api/jobs/active GET 
2026-04-13 15:12:24 INFO  com.coforge.filters.LoggingFilter - Request /api/jobs/active GET 
2026-04-13 15:12:46 INFO  com.coforge.filters.LoggingFilter - Request /jobapplication/apply POST ?jobId=16&freelancerId=6
2026-04-13 15:12:50 INFO  com.coforge.filters.LoggingFilter - Request /jobapplication GET 
2026-04-13 15:12:50 INFO  com.coforge.filters.LoggingFilter - Request /jobapplication GET 
2026-04-13 15:13:33 INFO  com.coforge.filters.LoggingFilter - Request /api/recruiters/login POST 
2026-04-13 15:13:33 INFO  com.coforge.filters.LoggingFilter - Request /api/jobs/recruiter/11 GET 
2026-04-13 15:13:33 INFO  com.coforge.filters.LoggingFilter - Request /jobapplication GET 
2026-04-13 15:13:33 INFO  com.coforge.filters.LoggingFilter - Request /api/skills GET 
2026-04-13 15:13:33 INFO  com.coforge.filters.LoggingFilter - Request /api/skills GET 
2026-04-13 15:13:33 INFO  com.coforge.filters.LoggingFilter - Request /api/jobs/recruiter/11 GET 
2026-04-13 15:13:33 INFO  com.coforge.filters.LoggingFilter - Request /jobapplication GET 
2026-04-13 15:13:41 INFO  com.coforge.filters.LoggingFilter - Request /uploads/resumes/1dd7c018-7ce8-4fc8-855d-83b7428e9d20_app.pdf GET 
2026-04-13 15:13:45 INFO  com.coforge.filters.LoggingFilter - Request /uploads/resumes/1dd7c018-7ce8-4fc8-855d-83b7428e9d20_app.pdf GET 
2026-04-13 15:14:31 INFO  com.coforge.filters.LoggingFilter - Request /authentication/login POST 
2026-04-13 15:14:31 INFO  com.coforge.filters.LoggingFilter - Request /api/recruiters GET 
2026-04-13 15:14:31 INFO  com.coforge.filters.LoggingFilter - Request /api/jobs/recruiter/11 GET 
2026-04-13 15:14:31 INFO  com.coforge.filters.LoggingFilter - Request /jobapplication GET 
2026-04-13 15:14:31 INFO  com.coforge.filters.LoggingFilter - Request /api/skills GET 
2026-04-13 15:14:31 INFO  com.coforge.filters.LoggingFilter - Request /api/jobs/recruiter/11 GET 
2026-04-13 15:14:32 INFO  com.coforge.filters.LoggingFilter - Request /api/skills GET 
2026-04-13 15:14:32 INFO  com.coforge.filters.LoggingFilter - Request /jobapplication GET 
2026-04-13 15:14:35 INFO  com.coforge.filters.LoggingFilter - Request /jobapplication/10/status PUT ?status=ACCEPTED
2026-04-13 15:14:35 INFO  com.coforge.filters.LoggingFilter - Request /api/jobs/recruiter/11 GET 
2026-04-13 15:14:35 INFO  com.coforge.filters.LoggingFilter - Request /jobapplication GET 
2026-04-13 15:14:39 INFO  com.coforge.filters.LoggingFilter - Request /api/jobs/recruiter/11 GET 
2026-04-13 15:14:39 INFO  com.coforge.filters.LoggingFilter - Request /api/jobs/recruiter/11 GET 
2026-04-13 15:14:39 INFO  com.coforge.filters.LoggingFilter - Request /jobapplication GET 
2026-04-13 15:14:40 INFO  com.coforge.filters.LoggingFilter - Request /jobapplication GET 
2026-04-13 15:14:44 INFO  com.coforge.filters.LoggingFilter - Request /jobapplication/7/status PUT ?status=ACCEPTED
2026-04-13 15:15:18 INFO  com.coforge.filters.LoggingFilter - Request /authentication/login POST 
2026-04-13 15:15:18 INFO  com.coforge.filters.LoggingFilter - Request /api/freelancers GET 
2026-04-13 15:15:18 INFO  com.coforge.filters.LoggingFilter - Request /api/jobs/freelancer/8 GET 
2026-04-13 15:15:19 INFO  com.coforge.filters.LoggingFilter - Request /api/jobs/freelancer/8 GET 
2026-04-13 15:15:20 INFO  com.coforge.filters.LoggingFilter - Request /jobapplication GET 
2026-04-13 15:15:21 INFO  com.coforge.filters.LoggingFilter - Request /jobapplication GET 
2026-04-13 15:16:30 INFO  com.coforge.filters.LoggingFilter - Request /api/skills GET 
2026-04-13 15:16:30 INFO  com.coforge.filters.LoggingFilter - Request /api/skills GET 
2026-04-13 15:17:03 INFO  com.coforge.filters.LoggingFilter - Request /authentication/login POST 
2026-04-13 15:17:03 INFO  com.coforge.filters.LoggingFilter - Request /api/freelancers GET 
2026-04-13 15:17:03 INFO  com.coforge.filters.LoggingFilter - Request /api/jobs/freelancer/7 GET 
2026-04-13 15:17:03 INFO  com.coforge.filters.LoggingFilter - Request /api/jobs/freelancer/7 GET 
2026-04-13 15:19:00 INFO  com.coforge.filters.LoggingFilter - Request /authentication/send-code POST 
2026-04-13 15:19:29 INFO  com.coforge.filters.LoggingFilter - Request /authentication/send-code POST 
2026-04-13 15:20:07 INFO  com.coforge.filters.LoggingFilter - Request /api/admins/login POST 
2026-04-13 15:20:07 INFO  com.coforge.filters.LoggingFilter - Request /api/admin/login POST 
2026-04-13 15:20:08 INFO  com.coforge.filters.LoggingFilter - Request /authentication/admin/login POST 
2026-04-13 15:20:08 INFO  com.coforge.filters.LoggingFilter - Request /authentication/login POST 
2026-04-13 15:20:08 INFO  com.coforge.filters.LoggingFilter - Request /api/freelancers GET 
2026-04-13 15:20:08 INFO  com.coforge.filters.LoggingFilter - Request /api/recruiters GET 
2026-04-13 15:20:08 INFO  com.coforge.filters.LoggingFilter - Request /admin/freelancers/unverified GET 
2026-04-13 15:20:08 INFO  com.coforge.filters.LoggingFilter - Request /admin/recruiters/unverified GET 
2026-04-13 15:20:08 INFO  com.coforge.filters.LoggingFilter - Request /api/jobs GET 
2026-04-13 15:20:08 INFO  com.coforge.filters.LoggingFilter - Request /jobapplication GET 
2026-04-13 15:20:08 INFO  com.coforge.filters.LoggingFilter - Request /api/freelancers GET 
2026-04-13 15:20:08 INFO  com.coforge.filters.LoggingFilter - Request /api/recruiters GET 
2026-04-13 15:20:08 INFO  com.coforge.filters.LoggingFilter - Request /api/jobs GET 
2026-04-13 15:20:08 INFO  com.coforge.filters.LoggingFilter - Request /admin/recruiters/unverified GET 
2026-04-13 15:20:08 INFO  com.coforge.filters.LoggingFilter - Request /admin/freelancers/unverified GET 
2026-04-13 15:20:08 INFO  com.coforge.filters.LoggingFilter - Request /jobapplication GET 
2026-04-13 15:20:13 INFO  com.coforge.filters.LoggingFilter - Request /api/skills GET 
2026-04-13 15:20:13 INFO  com.coforge.filters.LoggingFilter - Request /api/skills GET 
2026-04-13 15:20:15 INFO  com.coforge.filters.LoggingFilter - Request /jobapplication GET 
2026-04-13 15:20:15 INFO  com.coforge.filters.LoggingFilter - Request /jobapplication GET 
2026-04-13 15:20:19 INFO  com.coforge.filters.LoggingFilter - Request /api/jobs/active GET 
2026-04-13 15:20:19 INFO  com.coforge.filters.LoggingFilter - Request /api/jobs/active GET 
2026-04-13 15:20:24 INFO  com.coforge.filters.LoggingFilter - Request /api/skills GET 
2026-04-13 15:20:24 INFO  com.coforge.filters.LoggingFilter - Request /api/skills GET 
2026-04-13 15:20:28 INFO  com.coforge.filters.LoggingFilter - Request /api/freelancers GET 
2026-04-13 15:20:28 INFO  com.coforge.filters.LoggingFilter - Request /api/recruiters GET 
2026-04-13 15:20:28 INFO  com.coforge.filters.LoggingFilter - Request /admin/recruiters/unverified GET 
2026-04-13 15:20:28 INFO  com.coforge.filters.LoggingFilter - Request /admin/freelancers/unverified GET 
2026-04-13 15:20:28 INFO  com.coforge.filters.LoggingFilter - Request /api/jobs GET 
2026-04-13 15:20:28 INFO  com.coforge.filters.LoggingFilter - Request /jobapplication GET 
2026-04-13 15:20:28 INFO  com.coforge.filters.LoggingFilter - Request /api/freelancers GET 
2026-04-13 15:20:29 INFO  com.coforge.filters.LoggingFilter - Request /admin/freelancers/unverified GET 
2026-04-13 15:20:29 INFO  com.coforge.filters.LoggingFilter - Request /api/recruiters GET 
2026-04-13 15:20:29 INFO  com.coforge.filters.LoggingFilter - Request /admin/recruiters/unverified GET 
2026-04-13 15:20:29 INFO  com.coforge.filters.LoggingFilter - Request /api/jobs GET 
2026-04-13 15:20:29 INFO  com.coforge.filters.LoggingFilter - Request /jobapplication GET 
2026-04-13 15:20:47 INFO  com.coforge.filters.LoggingFilter - Request /api/freelancers GET 
2026-04-13 15:20:47 INFO  com.coforge.filters.LoggingFilter - Request /api/recruiters GET 
2026-04-13 15:20:47 INFO  com.coforge.filters.LoggingFilter - Request /admin/freelancers/unverified GET 
2026-04-13 15:20:47 INFO  com.coforge.filters.LoggingFilter - Request /admin/recruiters/unverified GET 
2026-04-13 15:20:47 INFO  com.coforge.filters.LoggingFilter - Request /api/jobs GET 
2026-04-13 15:20:47 INFO  com.coforge.filters.LoggingFilter - Request /jobapplication GET 
2026-04-13 15:20:47 INFO  com.coforge.filters.LoggingFilter - Request /admin/freelancers/unverified GET 
2026-04-13 15:20:47 INFO  com.coforge.filters.LoggingFilter - Request /api/recruiters GET 
2026-04-13 15:20:47 INFO  com.coforge.filters.LoggingFilter - Request /api/freelancers GET 
2026-04-13 15:20:47 INFO  com.coforge.filters.LoggingFilter - Request /admin/recruiters/unverified GET 
2026-04-13 15:20:47 INFO  com.coforge.filters.LoggingFilter - Request /api/jobs GET 
2026-04-13 15:20:47 INFO  com.coforge.filters.LoggingFilter - Request /jobapplication GET 
2026-04-13 15:22:16 INFO  com.coforge.filters.LoggingFilter - Request /jobapplication/7/status PUT ?status=ACCEPTED
2026-04-13 15:22:16 INFO  com.coforge.filters.LoggingFilter - Request /api/jobs/recruiter/11 GET 
2026-04-13 15:22:16 INFO  com.coforge.filters.LoggingFilter - Request /jobapplication GET 
2026-04-13 15:22:20 INFO  com.coforge.filters.LoggingFilter - Request /api/jobs/recruiter/11 GET 
2026-04-13 15:22:20 INFO  com.coforge.filters.LoggingFilter - Request /api/jobs/recruiter/11 GET 
2026-04-13 15:22:20 INFO  com.coforge.filters.LoggingFilter - Request /jobapplication GET 
2026-04-13 15:22:20 INFO  com.coforge.filters.LoggingFilter - Request /jobapplication GET 
2026-04-13 15:22:25 INFO  com.coforge.filters.LoggingFilter - Request /api/jobs/recruiter/11 GET 
2026-04-13 15:22:25 INFO  com.coforge.filters.LoggingFilter - Request /api/jobs/recruiter/11 GET 
2026-04-13 15:22:25 INFO  com.coforge.filters.LoggingFilter - Request /jobapplication GET 
2026-04-13 15:22:25 INFO  com.coforge.filters.LoggingFilter - Request /jobapplication GET 
2026-04-13 15:22:28 INFO  com.coforge.filters.LoggingFilter - Request /api/jobs/active GET 
2026-04-13 15:22:28 INFO  com.coforge.filters.LoggingFilter - Request /api/jobs/active GET 
2026-04-13 15:22:32 INFO  com.coforge.filters.LoggingFilter - Request /api/jobs/recruiter/11 GET 
2026-04-13 15:22:32 INFO  com.coforge.filters.LoggingFilter - Request /jobapplication GET 
2026-04-13 15:22:32 INFO  com.coforge.filters.LoggingFilter - Request /api/skills GET 
2026-04-13 15:22:32 INFO  com.coforge.filters.LoggingFilter - Request /api/jobs/recruiter/11 GET 
2026-04-13 15:22:32 INFO  com.coforge.filters.LoggingFilter - Request /api/skills GET 
2026-04-13 15:22:32 INFO  com.coforge.filters.LoggingFilter - Request /jobapplication GET 
2026-04-13 15:22:43 INFO  com.coforge.filters.LoggingFilter - Request /feedback/add POST 
2026-04-13 15:23:08 INFO  com.coforge.filters.LoggingFilter - Request /authentication/login POST 
2026-04-13 15:23:09 INFO  com.coforge.filters.LoggingFilter - Request /api/freelancers GET 
2026-04-13 15:23:09 INFO  com.coforge.filters.LoggingFilter - Request /api/jobs/freelancer/8 GET 
2026-04-13 15:23:09 INFO  com.coforge.filters.LoggingFilter - Request /api/jobs/freelancer/8 GET 
2026-04-13 15:23:10 INFO  com.coforge.filters.LoggingFilter - Request /jobapplication GET 
2026-04-13 15:23:10 INFO  com.coforge.filters.LoggingFilter - Request /jobapplication GET 
2026-04-13 15:24:14 INFO  com.coforge.filters.LoggingFilter - Request /jobapplication/remove DELETE 
2026-04-13 15:24:17 INFO  com.coforge.filters.LoggingFilter - Request /jobapplication/remove DELETE 
2026-04-13 15:24:22 INFO  com.coforge.filters.LoggingFilter - Request /jobapplication/remove DELETE 
2026-04-13 15:24:24 INFO  com.coforge.filters.LoggingFilter - Request /jobapplication/remove DELETE 
2026-04-13 15:24:25 INFO  com.coforge.filters.LoggingFilter - Request /jobapplication/remove DELETE 
2026-04-13 15:24:25 INFO  com.coforge.filters.LoggingFilter - Request /jobapplication/remove DELETE 
2026-04-13 15:24:28 INFO  com.coforge.filters.LoggingFilter - Request /jobapplication GET 
2026-04-13 15:24:28 INFO  com.coforge.filters.LoggingFilter - Request /jobapplication GET 
2026-04-13 15:24:44 INFO  com.coforge.filters.LoggingFilter - Request /jobapplication/remove DELETE 
2026-04-13 15:24:44 INFO  com.coforge.filters.LoggingFilter - Request /jobapplication/remove DELETE 
2026-04-13 15:24:44 INFO  com.coforge.filters.LoggingFilter - Request /jobapplication/remove DELETE 
2026-04-13 15:24:44 INFO  com.coforge.filters.LoggingFilter - Request /jobapplication/remove DELETE 
2026-04-13 15:24:46 INFO  com.coforge.filters.LoggingFilter - Request /jobapplication/remove DELETE 
2026-04-13 15:24:47 INFO  com.coforge.filters.LoggingFilter - Request /jobapplication/remove DELETE 
2026-04-13 15:24:48 INFO  com.coforge.filters.LoggingFilter - Request /jobapplication/remove DELETE 
2026-04-13 15:24:48 INFO  com.coforge.filters.LoggingFilter - Request /jobapplication/remove DELETE 
2026-04-13 15:25:09 INFO  com.coforge.filters.LoggingFilter - Request /jobapplication/remove DELETE 
2026-04-13 15:28:14 INFO  com.coforge.filters.LoggingFilter - Request /jobapplication/remove DELETE 
2026-04-13 15:28:14 INFO  com.coforge.filters.LoggingFilter - Request /jobapplication/remove DELETE 
2026-04-13 15:28:14 INFO  com.coforge.filters.LoggingFilter - Request /jobapplication/remove DELETE 
2026-04-13 15:28:14 INFO  com.coforge.filters.LoggingFilter - Request /jobapplication/remove DELETE 
2026-04-13 15:28:14 INFO  com.coforge.filters.LoggingFilter - Request /jobapplication/remove DELETE 
2026-04-13 15:28:15 INFO  com.coforge.filters.LoggingFilter - Request /jobapplication/remove DELETE 
2026-04-13 15:29:06 INFO  com.coforge.filters.LoggingFilter - Request /jobapplication/8/status PUT ?status=REJECTED
2026-04-13 15:29:06 INFO  com.coforge.filters.LoggingFilter - Request /api/jobs/recruiter/11 GET 
2026-04-13 15:29:06 INFO  com.coforge.filters.LoggingFilter - Request /jobapplication GET 
2026-04-13 15:29:14 INFO  com.coforge.filters.LoggingFilter - Request /api/jobs/recruiter/11 GET 
2026-04-13 15:29:14 INFO  com.coforge.filters.LoggingFilter - Request /api/jobs/recruiter/11 GET 
2026-04-13 15:29:14 INFO  com.coforge.filters.LoggingFilter - Request /jobapplication GET 
2026-04-13 15:29:14 INFO  com.coforge.filters.LoggingFilter - Request /jobapplication GET 
2026-04-13 15:29:18 INFO  com.coforge.filters.LoggingFilter - Request /jobapplication/9/status PUT ?status=REJECTED
2026-04-13 15:29:21 INFO  com.coforge.filters.LoggingFilter - Request /jobapplication/11/status PUT ?status=REJECTED
2026-04-13 15:29:23 INFO  com.coforge.filters.LoggingFilter - Request /jobapplication/8/status PUT ?status=REJECTED
2026-04-13 15:29:25 INFO  com.coforge.filters.LoggingFilter - Request /main.93055a9dceb2b010b221.hot-update.json GET 
2026-04-13 15:29:28 INFO  com.coforge.filters.LoggingFilter - Request /main.00a238e2a74b8125608a.hot-update.json GET 
2026-04-13 15:29:28 INFO  com.coforge.filters.LoggingFilter - Request /main.93055a9dceb2b010b221.hot-update.json GET 
2026-04-13 15:29:29 INFO  com.coforge.filters.LoggingFilter - Request /api/jobs/active GET 
2026-04-13 15:29:29 INFO  com.coforge.filters.LoggingFilter - Request /api/jobs/active GET 
2026-04-13 15:29:32 INFO  com.coforge.filters.LoggingFilter - Request /api/jobs/freelancer/8 GET 
2026-04-13 15:29:32 INFO  com.coforge.filters.LoggingFilter - Request /api/jobs/freelancer/8 GET 
2026-04-13 15:29:34 INFO  com.coforge.filters.LoggingFilter - Request /jobapplication GET 
2026-04-13 15:29:35 INFO  com.coforge.filters.LoggingFilter - Request /jobapplication GET 
2026-04-13 15:29:38 INFO  com.coforge.filters.LoggingFilter - Request /jobapplication/remove DELETE 
2026-04-13 15:30:37 INFO  com.coforge.filters.LoggingFilter - Request /authentication/login OPTIONS 
2026-04-13 15:30:39 INFO  com.coforge.filters.LoggingFilter - Request /authentication/login OPTIONS 
2026-04-13 15:31:19 INFO  com.coforge.filters.LoggingFilter - Request /authentication/login OPTIONS 
2026-04-13 15:31:54 INFO  com.coforge.OnlineJobPortalApplication - Starting OnlineJobPortalApplication using Java 17.0.2 with PID 32832 (C:\Users\Narendra.Tomar\OneDrive - Coforge Limited\Desktop\projectfile\Final-updated-job-portel\OnlineJobPortal\target\classes started by Narendra.Tomar in C:\Users\Narendra.Tomar\OneDrive - Coforge Limited\Desktop\projectfile\Final-updated-job-portel\OnlineJobPortal)
2026-04-13 15:31:54 INFO  com.coforge.OnlineJobPortalApplication - No active profile set, falling back to 1 default profile: "default"
2026-04-13 15:32:13 INFO  com.coforge.OnlineJobPortalApplication - Started OnlineJobPortalApplication in 20.358 seconds (process running for 22.233)
2026-04-13 15:32:19 INFO  com.coforge.filters.LoggingFilter - Request /authentication/login OPTIONS 
2026-04-13 15:32:20 INFO  com.coforge.filters.LoggingFilter - Request /authentication/login OPTIONS 
2026-04-13 15:32:20 INFO  com.coforge.filters.LoggingFilter - Request /authentication/login OPTIONS 
2026-04-13 15:32:20 INFO  com.coforge.filters.LoggingFilter - Request /authentication/login OPTIONS 
2026-04-13 15:32:20 INFO  com.coforge.filters.LoggingFilter - Request /authentication/login OPTIONS 
2026-04-13 15:32:21 INFO  com.coforge.filters.LoggingFilter - Request /authentication/login OPTIONS 
2026-04-13 15:32:22 INFO  com.coforge.filters.LoggingFilter - Request /authentication/login OPTIONS 
2026-04-13 15:32:22 INFO  com.coforge.filters.LoggingFilter - Request /authentication/login OPTIONS 
2026-04-13 15:32:34 INFO  com.coforge.filters.LoggingFilter - Request /authentication/login OPTIONS 
2026-04-13 15:32:35 INFO  com.coforge.filters.LoggingFilter - Request /authentication/login OPTIONS 
2026-04-13 15:50:50 INFO  com.coforge.filters.LoggingFilter - Request /jobapplication/remove DELETE 
2026-04-13 15:50:55 INFO  com.coforge.filters.LoggingFilter - Request /jobapplication/remove DELETE 
2026-04-13 16:27:33 INFO  com.coforge.OnlineJobPortalApplication - Starting OnlineJobPortalApplication using Java 17.0.2 with PID 18204 (C:\Users\Narendra.Tomar\OneDrive - Coforge Limited\Desktop\projectfile\Final-updated-job-portel\OnlineJobPortal\target\classes started by Narendra.Tomar in C:\Users\Narendra.Tomar\OneDrive - Coforge Limited\Desktop\projectfile\Final-updated-job-portel\OnlineJobPortal)
2026-04-13 16:27:33 INFO  com.coforge.OnlineJobPortalApplication - No active profile set, falling back to 1 default profile: "default"
2026-04-13 16:27:42 INFO  com.coforge.OnlineJobPortalApplication - Started OnlineJobPortalApplication in 9.853 seconds (process running for 11.234)
